\BOOKMARK [1][-]{section.1}{\376\377\000I\000n\000t\000r\000o\000d\000u\000z\000i\000o\000n\000e}{}% 1
\BOOKMARK [2][-]{subsection.1.1}{\376\377\000O\000b\000i\000e\000t\000t\000i\000v\000i\000\040\000d\000e\000l\000\040\000P\000r\000o\000g\000e\000t\000t\000o}{section.1}% 2
\BOOKMARK [2][-]{subsection.1.2}{\376\377\000S\000t\000r\000u\000t\000t\000u\000r\000a\000\040\000d\000e\000l\000\040\000S\000i\000s\000t\000e\000m\000a}{section.1}% 3
\BOOKMARK [1][-]{section.2}{\376\377\000D\000a\000t\000a\000s\000e\000t\000\040\000e\000\040\000P\000r\000e\000p\000r\000o\000c\000e\000s\000s\000i\000n\000g}{}% 4
\BOOKMARK [2][-]{subsection.2.1}{\376\377\000D\000e\000s\000c\000r\000i\000z\000i\000o\000n\000e\000\040\000d\000e\000i\000\040\000D\000a\000t\000a\000s\000e\000t}{section.2}% 5
\BOOKMARK [3][-]{subsubsection.2.1.1}{\376\377\000D\000a\000t\000a\000s\000e\000t\000\040\000R\000i\000c\000e\000t\000t\000e\000\040\000\050\000r\000i\000c\000e\000t\000t\000e\000\137\000r\000e\000a\000l\000i\000.\000c\000s\000v\000\051}{subsection.2.1}% 6
\BOOKMARK [3][-]{subsubsection.2.1.2}{\376\377\000D\000a\000t\000a\000s\000e\000t\000\040\000I\000n\000g\000r\000e\000d\000i\000e\000n\000t\000i\000\040\000\050\000i\000n\000g\000r\000e\000d\000i\000e\000n\000t\000i\000\137\000r\000e\000a\000l\000i\000.\000c\000s\000v\000\051}{subsection.2.1}% 7
\BOOKMARK [2][-]{subsection.2.2}{\376\377\000I\000n\000t\000r\000o\000d\000u\000z\000i\000o\000n\000e\000\040\000a\000i\000\040\000D\000a\000t\000a\000s\000e\000t}{section.2}% 8
\BOOKMARK [2][-]{subsection.2.3}{\376\377\000P\000i\000p\000e\000l\000i\000n\000e\000\040\000d\000i\000\040\000P\000r\000e\000p\000r\000o\000c\000e\000s\000s\000i\000n\000g}{section.2}% 9
\BOOKMARK [3][-]{subsubsection.2.3.1}{\376\377\000V\000a\000l\000i\000d\000a\000z\000i\000o\000n\000e\000\040\000e\000\040\000P\000u\000l\000i\000z\000i\000a\000\040\000D\000a\000t\000i}{subsection.2.3}% 10
\BOOKMARK [3][-]{subsubsection.2.3.2}{\376\377\000F\000e\000a\000t\000u\000r\000e\000\040\000E\000n\000g\000i\000n\000e\000e\000r\000i\000n\000g}{subsection.2.3}% 11
\BOOKMARK [1][-]{section.3}{\376\377\000M\000e\000t\000o\000d\000o\000l\000o\000g\000i\000a}{}% 12
\BOOKMARK [2][-]{subsection.3.1}{\376\377\000P\000r\000o\000g\000r\000a\000m\000m\000a\000z\000i\000o\000n\000e\000\040\000L\000o\000g\000i\000c\000a\000\040\000e\000\040\000K\000n\000o\000w\000l\000e\000d\000g\000e\000\040\000B\000a\000s\000e}{section.3}% 13
\BOOKMARK [3][-]{subsubsection.3.1.1}{\376\377\000S\000t\000r\000u\000t\000t\000u\000r\000a\000\040\000d\000e\000l\000l\000a\000\040\000K\000n\000o\000w\000l\000e\000d\000g\000e\000\040\000B\000a\000s\000e}{subsection.3.1}% 14
\BOOKMARK [3][-]{subsubsection.3.1.2}{\376\377\000S\000i\000s\000t\000e\000m\000a\000\040\000d\000i\000\040\000Q\000u\000e\000r\000y\000\040\000S\000e\000m\000a\000n\000t\000i\000c\000h\000e}{subsection.3.1}% 15
\BOOKMARK [2][-]{subsection.3.2}{\376\377\000M\000o\000d\000e\000l\000l\000i\000\040\000d\000i\000\040\000R\000e\000g\000r\000e\000s\000s\000i\000o\000n\000e}{section.3}% 16
\BOOKMARK [3][-]{subsubsection.3.2.1}{\376\377\000A\000r\000c\000h\000i\000t\000e\000t\000t\000u\000r\000a\000\040\000d\000e\000l\000\040\000S\000i\000s\000t\000e\000m\000a\000\040\000d\000i\000\040\000R\000e\000g\000r\000e\000s\000s\000i\000o\000n\000e}{subsection.3.2}% 17
\BOOKMARK [3][-]{subsubsection.3.2.2}{\376\377\000F\000e\000a\000t\000u\000r\000e\000\040\000E\000n\000g\000i\000n\000e\000e\000r\000i\000n\000g\000\040\000p\000e\000r\000\040\000R\000e\000g\000r\000e\000s\000s\000i\000o\000n\000e}{subsection.3.2}% 18
\BOOKMARK [2][-]{subsection.3.3}{\376\377\000A\000n\000a\000l\000i\000s\000i\000\040\000d\000i\000\040\000C\000l\000u\000s\000t\000e\000r\000i\000n\000g}{section.3}% 19
\BOOKMARK [3][-]{subsubsection.3.3.1}{\376\377\000A\000l\000g\000o\000r\000i\000t\000m\000o\000\040\000K\000-\000M\000e\000a\000n\000s\000\040\000O\000t\000t\000i\000m\000i\000z\000z\000a\000t\000o}{subsection.3.3}% 20
\BOOKMARK [3][-]{subsubsection.3.3.2}{\376\377\000A\000n\000a\000l\000i\000s\000i\000\040\000e\000\040\000I\000n\000t\000e\000r\000p\000r\000e\000t\000a\000z\000i\000o\000n\000e\000\040\000d\000e\000i\000\040\000C\000l\000u\000s\000t\000e\000r}{subsection.3.3}% 21
\BOOKMARK [2][-]{subsection.3.4}{\376\377\000M\000o\000d\000e\000l\000l\000i\000\040\000d\000i\000\040\000C\000l\000a\000s\000s\000i\000f\000i\000c\000a\000z\000i\000o\000n\000e}{section.3}% 22
\BOOKMARK [3][-]{subsubsection.3.4.1}{\376\377\000A\000l\000g\000o\000r\000i\000t\000m\000i\000\040\000I\000m\000p\000l\000e\000m\000e\000n\000t\000a\000t\000i}{subsection.3.4}% 23
\BOOKMARK [3][-]{subsubsection.3.4.2}{\376\377\000V\000a\000l\000i\000d\000a\000z\000i\000o\000n\000e\000\040\000C\000r\000o\000s\000s\000-\000F\000o\000l\000d}{subsection.3.4}% 24
\BOOKMARK [2][-]{subsection.3.5}{\376\377\000M\000o\000d\000e\000l\000l\000i\000\040\000d\000i\000\040\000R\000e\000g\000r\000e\000s\000s\000i\000o\000n\000e}{section.3}% 25
\BOOKMARK [3][-]{subsubsection.3.5.1}{\376\377\000P\000r\000e\000d\000i\000z\000i\000o\000n\000e\000\040\000d\000e\000l\000l\000e\000\040\000C\000a\000l\000o\000r\000i\000e}{subsection.3.5}% 26
\BOOKMARK [3][-]{subsubsection.3.5.2}{\376\377\000F\000e\000a\000t\000u\000r\000e\000\040\000S\000e\000l\000e\000c\000t\000i\000o\000n\000\040\000e\000\040\000I\000m\000p\000o\000r\000t\000a\000n\000c\000e}{subsection.3.5}% 27
\BOOKMARK [3][-]{subsubsection.3.5.3}{\376\377\000P\000r\000e\000d\000i\000z\000i\000o\000n\000e\000\040\000C\000a\000l\000o\000r\000i\000c\000a\000\040\000d\000e\000g\000l\000i\000\040\000I\000n\000g\000r\000e\000d\000i\000e\000n\000t\000i}{subsection.3.5}% 28
\BOOKMARK [1][-]{section.4}{\376\377\000I\000m\000p\000l\000e\000m\000e\000n\000t\000a\000z\000i\000o\000n\000e\000\040\000d\000e\000l\000l\000a\000\040\000K\000n\000o\000w\000l\000e\000d\000g\000e\000\040\000B\000a\000s\000e}{}% 29
\BOOKMARK [2][-]{subsection.4.1}{\376\377\000A\000r\000c\000h\000i\000t\000e\000t\000t\000u\000r\000a\000\040\000P\000r\000o\000l\000o\000g}{section.4}% 30
\BOOKMARK [3][-]{subsubsection.4.1.1}{\376\377\000S\000t\000r\000u\000t\000t\000u\000r\000a\000\040\000d\000e\000l\000l\000a\000\040\000K\000n\000o\000w\000l\000e\000d\000g\000e\000\040\000B\000a\000s\000e}{subsection.4.1}% 31
\BOOKMARK [3][-]{subsubsection.4.1.2}{\376\377\000M\000o\000t\000o\000r\000e\000\040\000d\000i\000\040\000I\000n\000f\000e\000r\000e\000n\000z\000a}{subsection.4.1}% 32
\BOOKMARK [3][-]{subsubsection.4.1.3}{\376\377\000Q\000u\000e\000r\000y\000\040\000B\000u\000i\000l\000d\000e\000r}{subsection.4.1}% 33
\BOOKMARK [1][-]{section.5}{\376\377\000R\000i\000s\000u\000l\000t\000a\000t\000i\000\040\000S\000p\000e\000r\000i\000m\000e\000n\000t\000a\000l\000i}{}% 34
\BOOKMARK [2][-]{subsection.5.1}{\376\377\000P\000e\000r\000f\000o\000r\000m\000a\000n\000c\000e\000\040\000d\000e\000l\000\040\000C\000l\000u\000s\000t\000e\000r\000i\000n\000g}{section.5}% 35
\BOOKMARK [3][-]{subsubsection.5.1.1}{\376\377\000D\000e\000t\000e\000r\000m\000i\000n\000a\000z\000i\000o\000n\000e\000\040\000d\000e\000l\000\040\000N\000u\000m\000e\000r\000o\000\040\000O\000t\000t\000i\000m\000a\000l\000e\000\040\000d\000i\000\040\000C\000l\000u\000s\000t\000e\000r}{subsection.5.1}% 36
\BOOKMARK [3][-]{subsubsection.5.1.2}{\376\377\000I\000n\000t\000e\000r\000p\000r\000e\000t\000a\000z\000i\000o\000n\000e\000\040\000S\000e\000m\000a\000n\000t\000i\000c\000a\000\040\000d\000e\000i\000\040\000C\000l\000u\000s\000t\000e\000r}{subsection.5.1}% 37
\BOOKMARK [2][-]{subsection.5.2}{\376\377\000P\000e\000r\000f\000o\000r\000m\000a\000n\000c\000e\000\040\000d\000e\000l\000l\000a\000\040\000C\000l\000a\000s\000s\000i\000f\000i\000c\000a\000z\000i\000o\000n\000e}{section.5}% 38
\BOOKMARK [3][-]{subsubsection.5.2.1}{\376\377\000R\000i\000s\000u\000l\000t\000a\000t\000i\000\040\000C\000o\000m\000p\000a\000r\000a\000t\000i\000v\000i\000\040\000d\000e\000i\000\040\000M\000o\000d\000e\000l\000l\000i}{subsection.5.2}% 39
\BOOKMARK [3][-]{subsubsection.5.2.2}{\376\377\000M\000a\000t\000r\000i\000c\000i\000\040\000d\000i\000\040\000C\000o\000n\000f\000u\000s\000i\000o\000n\000e}{subsection.5.2}% 40
\BOOKMARK [3][-]{subsubsection.5.2.3}{\376\377\000C\000o\000n\000f\000r\000o\000n\000t\000o\000\040\000G\000r\000a\000f\000i\000c\000o\000\040\000d\000e\000l\000l\000e\000\040\000P\000e\000r\000f\000o\000r\000m\000a\000n\000c\000e}{subsection.5.2}% 41
\BOOKMARK [2][-]{subsection.5.3}{\376\377\000P\000e\000r\000f\000o\000r\000m\000a\000n\000c\000e\000\040\000d\000e\000l\000l\000a\000\040\000R\000e\000g\000r\000e\000s\000s\000i\000o\000n\000e}{section.5}% 42
\BOOKMARK [3][-]{subsubsection.5.3.1}{\376\377\000P\000r\000e\000d\000i\000z\000i\000o\000n\000e\000\040\000d\000e\000l\000l\000e\000\040\000C\000a\000l\000o\000r\000i\000e\000\040\040\024\000\040\000D\000a\000t\000a\000s\000e\000t\000\040\000R\000i\000c\000e\000t\000t\000e}{subsection.5.3}% 43
\BOOKMARK [3][-]{subsubsection.5.3.2}{\376\377\000C\000o\000n\000f\000r\000o\000n\000t\000o\000\040\000G\000r\000a\000f\000i\000c\000o\000\040\000d\000e\000l\000l\000e\000\040\000P\000e\000r\000f\000o\000r\000m\000a\000n\000c\000e\000\040\000d\000i\000\040\000R\000e\000g\000r\000e\000s\000s\000i\000o\000n\000e}{subsection.5.3}% 44
\BOOKMARK [3][-]{subsubsection.5.3.3}{\376\377\000A\000n\000a\000l\000i\000s\000i\000\040\000d\000e\000l\000l\000e\000\040\000F\000e\000a\000t\000u\000r\000e\000\040\000I\000m\000p\000o\000r\000t\000a\000n\000t\000i}{subsection.5.3}% 45
\BOOKMARK [3][-]{subsubsection.5.3.4}{\376\377\000P\000r\000e\000d\000i\000z\000i\000o\000n\000e\000\040\000d\000e\000l\000l\000e\000\040\000C\000a\000l\000o\000r\000i\000e\000\040\040\024\000\040\000D\000a\000t\000a\000s\000e\000t\000\040\000I\000n\000g\000r\000e\000d\000i\000e\000n\000t\000i}{subsection.5.3}% 46
\BOOKMARK [3][-]{subsubsection.5.3.5}{\376\377\000C\000o\000n\000f\000r\000o\000n\000t\000o\000\040\000G\000r\000a\000f\000i\000c\000o\000\040\000d\000e\000l\000l\000e\000\040\000P\000e\000r\000f\000o\000r\000m\000a\000n\000c\000e\000\040\040\024\000\040\000I\000n\000g\000r\000e\000d\000i\000e\000n\000t\000i}{subsection.5.3}% 47
\BOOKMARK [3][-]{subsubsection.5.3.6}{\376\377\000A\000n\000a\000l\000i\000s\000i\000\040\000d\000e\000l\000l\000e\000\040\000F\000e\000a\000t\000u\000r\000e\000\040\000I\000m\000p\000o\000r\000t\000a\000n\000t\000i\000\040\040\024\000\040\000I\000n\000g\000r\000e\000d\000i\000e\000n\000t\000i}{subsection.5.3}% 48
\BOOKMARK [2][-]{subsection.5.4}{\376\377\000L\000e\000a\000r\000n\000i\000n\000g\000\040\000C\000u\000r\000v\000e\000s}{section.5}% 49
\BOOKMARK [3][-]{subsubsection.5.4.1}{\376\377\000L\000e\000a\000r\000n\000i\000n\000g\000\040\000C\000u\000r\000v\000e\000s\000\040\000-\000\040\000M\000o\000d\000e\000l\000l\000i\000\040\000d\000i\000\040\000R\000e\000g\000r\000e\000s\000s\000i\000o\000n\000e}{subsection.5.4}% 50
\BOOKMARK [3][-]{subsubsection.5.4.2}{\376\377\000L\000e\000a\000r\000n\000i\000n\000g\000\040\000C\000u\000r\000v\000e\000s\000\040\000-\000\040\000M\000o\000d\000e\000l\000l\000i\000\040\000d\000i\000\040\000C\000l\000a\000s\000s\000i\000f\000i\000c\000a\000z\000i\000o\000n\000e}{subsection.5.4}% 51
\BOOKMARK [2][-]{subsection.5.5}{\376\377\000Q\000u\000e\000r\000y\000\040\000S\000e\000m\000a\000n\000t\000i\000c\000h\000e\000\040\000S\000u\000p\000p\000o\000r\000t\000a\000t\000e}{section.5}% 52
\BOOKMARK [1][-]{section.6}{\376\377\000D\000i\000s\000c\000u\000s\000s\000i\000o\000n\000e\000\040\000e\000\040\000A\000n\000a\000l\000i\000s\000i\000\040\000C\000r\000i\000t\000i\000c\000a}{}% 53
\BOOKMARK [2][-]{subsection.6.1}{\376\377\000P\000u\000n\000t\000i\000\040\000d\000i\000\040\000F\000o\000r\000z\000a\000\040\000d\000e\000l\000\040\000S\000i\000s\000t\000e\000m\000a}{section.6}% 54
\BOOKMARK [3][-]{subsubsection.6.1.1}{\376\377\000A\000c\000c\000u\000r\000a\000t\000e\000z\000z\000a\000\040\000d\000e\000i\000\040\000M\000o\000d\000e\000l\000l\000i}{subsection.6.1}% 55
\BOOKMARK [3][-]{subsubsection.6.1.2}{\376\377\000M\000o\000d\000u\000l\000a\000r\000i\000t\000\340\000\040\000e\000\040\000E\000s\000t\000e\000n\000s\000i\000b\000i\000l\000i\000t\000\340}{subsection.6.1}% 56
\BOOKMARK [3][-]{subsubsection.6.1.3}{\376\377\000I\000n\000t\000e\000g\000r\000a\000z\000i\000o\000n\000e\000\040\000M\000u\000l\000t\000i\000-\000P\000a\000r\000a\000d\000i\000g\000m\000a}{subsection.6.1}% 57
\BOOKMARK [2][-]{subsection.6.2}{\376\377\000L\000i\000m\000i\000t\000a\000z\000i\000o\000n\000i\000\040\000e\000\040\000A\000r\000e\000e\000\040\000d\000i\000\040\000M\000i\000g\000l\000i\000o\000r\000a\000m\000e\000n\000t\000o}{section.6}% 58
\BOOKMARK [3][-]{subsubsection.6.2.1}{\376\377\000D\000i\000p\000e\000n\000d\000e\000n\000z\000a\000\040\000d\000a\000l\000l\000a\000\040\000Q\000u\000a\000l\000i\000t\000\340\000\040\000d\000e\000i\000\040\000D\000a\000t\000i}{subsection.6.2}% 59
\BOOKMARK [3][-]{subsubsection.6.2.2}{\376\377\000S\000c\000a\000l\000a\000b\000i\000l\000i\000t\000\340\000\040\000C\000o\000m\000p\000u\000t\000a\000z\000i\000o\000n\000a\000l\000e}{subsection.6.2}% 60
\BOOKMARK [3][-]{subsubsection.6.2.3}{\376\377\000C\000o\000p\000e\000r\000t\000u\000r\000a\000\040\000d\000e\000l\000\040\000D\000o\000m\000i\000n\000i\000o}{subsection.6.2}% 61
